<?xml version="1.0" encoding="UTF-8"?>
<coverage generated="1787039945607" clover="3.2.0">
  <project timestamp="1787039945607" name="All files">
    <metrics statements="167" coveredstatements="167" conditionals="90" coveredconditionals="90" methods="14" coveredmethods="14" elements="271" coveredelements="271" complexity="0" loc="167" ncloc="167" packages="1" files="2" classes="2"/>
    <file name="router.ts" path="/Users/prithvivinay/Desktop/Claude Code/tempest/packages/desktop/src/router.ts">
      <metrics statements="37" coveredstatements="37" conditionals="38" coveredconditionals="38" methods="4" coveredmethods="4"/>
      <line num="3" count="1" type="stmt"/>
      <line num="15" count="1" type="cond" truecount="1" falsecount="0"/>
      <line num="16" count="29" type="stmt"/>
      <line num="17" count="29" type="stmt"/>
      <line num="20" count="29" type="stmt"/>
      <line num="21" count="29" type="cond" truecount="2" falsecount="0"/>
      <line num="22" count="29" type="cond" truecount="1" falsecount="0"/>
      <line num="23" count="29" type="cond" truecount="3" falsecount="0"/>
      <line num="24" count="29" type="cond" truecount="3" falsecount="0"/>
      <line num="25" count="29" type="cond" truecount="3" falsecount="0"/>
      <line num="26" count="29" type="cond" truecount="2" falsecount="0"/>
      <line num="27" count="29" type="cond" truecount="2" falsecount="0"/>
      <line num="28" count="29" type="cond" truecount="2" falsecount="0"/>
      <line num="29" count="29" type="cond" truecount="2" falsecount="0"/>
      <line num="30" count="13" type="stmt"/>
      <line num="31" count="13" type="stmt"/>
      <line num="33" count="1" type="cond" truecount="1" falsecount="0"/>
      <line num="34" count="11" type="cond" truecount="2" falsecount="0"/>
      <line num="35" count="11" type="cond" truecount="2" falsecount="0"/>
      <line num="36" count="11" type="cond" truecount="2" falsecount="0"/>
      <line num="37" count="11" type="cond" truecount="2" falsecount="0"/>
      <line num="38" count="11" type="cond" truecount="2" falsecount="0"/>
      <line num="39" count="5" type="stmt"/>
      <line num="40" count="5" type="stmt"/>
      <line num="42" count="1" type="cond" truecount="1" falsecount="0"/>
      <line num="43" count="7" type="cond" truecount="1" falsecount="0"/>
      <line num="44" count="7" type="cond" truecount="1" falsecount="0"/>
      <line num="45" count="4" type="cond" truecount="1" falsecount="0"/>
      <line num="46" count="4" type="stmt"/>
      <line num="47" count="4" type="cond" truecount="1" falsecount="0"/>
      <line num="48" count="7" type="stmt"/>
      <line num="49" count="7" type="cond" truecount="1" falsecount="0"/>
      <line num="50" count="2" type="stmt"/>
      <line num="51" count="2" type="stmt"/>
      <line num="52" count="7" type="stmt"/>
      <line num="53" count="7" type="stmt"/>
      <line num="54" count="7" type="stmt"/>
    </file>
    <file name="vocabulary.tsx" path="/Users/prithvivinay/Desktop/Claude Code/tempest/packages/desktop/src/vocabulary.tsx">
      <metrics statements="130" coveredstatements="130" conditionals="52" coveredconditionals="52" methods="10" coveredmethods="10"/>
      <line num="25" count="7" type="cond" truecount="1" falsecount="0"/>
      <line num="26" count="7" type="stmt"/>
      <line num="27" count="7" type="stmt"/>
      <line num="30" count="1" type="cond" truecount="1" falsecount="0"/>
      <line num="31" count="14" type="stmt"/>
      <line num="32" count="14" type="cond" truecount="1" falsecount="0"/>
      <line num="33" count="3" type="stmt"/>
      <line num="34" count="14" type="cond" truecount="1" falsecount="0"/>
      <line num="35" count="4" type="stmt"/>
      <line num="36" count="14" type="cond" truecount="1" falsecount="0"/>
      <line num="37" count="3" type="stmt"/>
      <line num="38" count="14" type="cond" truecount="1" falsecount="0"/>
      <line num="39" count="3" type="stmt"/>
      <line num="40" count="14" type="cond" truecount="1" falsecount="0"/>
      <line num="41" count="1" type="stmt"/>
      <line num="42" count="14" type="stmt"/>
      <line num="43" count="14" type="stmt"/>
      <line num="46" count="1" type="cond" truecount="1" falsecount="0"/>
      <line num="47" count="10" type="stmt"/>
      <line num="48" count="10" type="cond" truecount="1" falsecount="0"/>
      <line num="49" count="1" type="stmt"/>
      <line num="50" count="10" type="cond" truecount="1" falsecount="0"/>
      <line num="51" count="1" type="stmt"/>
      <line num="52" count="10" type="cond" truecount="1" falsecount="0"/>
      <line num="53" count="1" type="stmt"/>
      <line num="54" count="10" type="cond" truecount="1" falsecount="0"/>
      <line num="55" count="1" type="stmt"/>
      <line num="56" count="10" type="cond" truecount="1" falsecount="0"/>
      <line num="57" count="1" type="stmt"/>
      <line num="58" count="10" type="cond" truecount="1" falsecount="0"/>
      <line num="59" count="1" type="stmt"/>
      <line num="60" count="10" type="cond" truecount="1" falsecount="0"/>
      <line num="61" count="1" type="stmt"/>
      <line num="62" count="10" type="cond" truecount="1" falsecount="0"/>
      <line num="63" count="1" type="stmt"/>
      <line num="64" count="10" type="cond" truecount="1" falsecount="0"/>
      <line num="65" count="1" type="stmt"/>
      <line num="66" count="10" type="cond" truecount="1" falsecount="0"/>
      <line num="67" count="1" type="stmt"/>
      <line num="68" count="10" type="stmt"/>
      <line num="69" count="10" type="stmt"/>
      <line num="72" count="1" type="cond" truecount="1" falsecount="0"/>
      <line num="73" count="10" type="stmt"/>
      <line num="74" count="10" type="cond" truecount="1" falsecount="0"/>
      <line num="75" count="1" type="stmt"/>
      <line num="76" count="10" type="cond" truecount="1" falsecount="0"/>
      <line num="77" count="1" type="stmt"/>
      <line num="78" count="10" type="cond" truecount="1" falsecount="0"/>
      <line num="79" count="1" type="stmt"/>
      <line num="80" count="10" type="cond" truecount="1" falsecount="0"/>
      <line num="81" count="1" type="stmt"/>
      <line num="82" count="10" type="cond" truecount="1" falsecount="0"/>
      <line num="83" count="1" type="stmt"/>
      <line num="84" count="10" type="cond" truecount="1" falsecount="0"/>
      <line num="85" count="1" type="stmt"/>
      <line num="86" count="10" type="cond" truecount="1" falsecount="0"/>
      <line num="87" count="1" type="stmt"/>
      <line num="88" count="10" type="cond" truecount="1" falsecount="0"/>
      <line num="89" count="1" type="stmt"/>
      <line num="90" count="10" type="cond" truecount="1" falsecount="0"/>
      <line num="91" count="1" type="stmt"/>
      <line num="92" count="10" type="cond" truecount="1" falsecount="0"/>
      <line num="93" count="1" type="stmt"/>
      <line num="94" count="10" type="stmt"/>
      <line num="95" count="10" type="stmt"/>
      <line num="97" count="1" type="cond" truecount="1" falsecount="0"/>
      <line num="98" count="4" type="stmt"/>
      <line num="99" count="4" type="cond" truecount="1" falsecount="0"/>
      <line num="100" count="1" type="stmt"/>
      <line num="101" count="4" type="cond" truecount="1" falsecount="0"/>
      <line num="102" count="1" type="stmt"/>
      <line num="103" count="4" type="cond" truecount="1" falsecount="0"/>
      <line num="104" count="1" type="stmt"/>
      <line num="105" count="4" type="cond" truecount="1" falsecount="0"/>
      <line num="106" count="1" type="stmt"/>
      <line num="107" count="4" type="stmt"/>
      <line num="108" count="4" type="stmt"/>
      <line num="111" count="1" type="cond" truecount="1" falsecount="0"/>
      <line num="112" count="16" type="stmt"/>
      <line num="113" count="16" type="cond" truecount="1" falsecount="0"/>
      <line num="114" count="3" type="stmt"/>
      <line num="115" count="16" type="cond" truecount="1" falsecount="0"/>
      <line num="116" count="3" type="stmt"/>
      <line num="117" count="16" type="cond" truecount="1" falsecount="0"/>
      <line num="118" count="3" type="stmt"/>
      <line num="119" count="16" type="cond" truecount="1" falsecount="0"/>
      <line num="120" count="3" type="stmt"/>
      <line num="121" count="16" type="cond" truecount="1" falsecount="0"/>
      <line num="122" count="3" type="stmt"/>
      <line num="123" count="16" type="cond" truecount="1" falsecount="0"/>
      <line num="124" count="1" type="stmt"/>
      <line num="125" count="16" type="stmt"/>
      <line num="126" count="16" type="stmt"/>
      <line num="128" count="1" type="cond" truecount="1" falsecount="0"/>
      <line num="129" count="5" type="stmt"/>
      <line num="130" count="5" type="cond" truecount="1" falsecount="0"/>
      <line num="131" count="1" type="stmt"/>
      <line num="132" count="5" type="cond" truecount="1" falsecount="0"/>
      <line num="133" count="1" type="stmt"/>
      <line num="134" count="5" type="cond" truecount="1" falsecount="0"/>
      <line num="135" count="2" type="stmt"/>
      <line num="136" count="5" type="cond" truecount="1" falsecount="0"/>
      <line num="137" count="1" type="stmt"/>
      <line num="138" count="5" type="stmt"/>
      <line num="139" count="5" type="stmt"/>
      <line num="141" count="1" type="cond" truecount="1" falsecount="0"/>
      <line num="142" count="3" type="stmt"/>
      <line num="143" count="3" type="cond" truecount="1" falsecount="0"/>
      <line num="144" count="1" type="stmt"/>
      <line num="145" count="3" type="cond" truecount="1" falsecount="0"/>
      <line num="146" count="1" type="stmt"/>
      <line num="147" count="3" type="cond" truecount="1" falsecount="0"/>
      <line num="148" count="1" type="stmt"/>
      <line num="149" count="3" type="stmt"/>
      <line num="150" count="3" type="stmt"/>
      <line num="153" count="1" type="cond" truecount="1" falsecount="0"/>
      <line num="154" count="4" type="stmt"/>
      <line num="155" count="4" type="stmt"/>
      <line num="156" count="4" type="stmt"/>
      <line num="157" count="4" type="stmt"/>
      <line num="159" count="4" type="stmt"/>
      <line num="161" count="1" type="cond" truecount="1" falsecount="0"/>
      <line num="162" count="5" type="stmt"/>
      <line num="163" count="5" type="stmt"/>
      <line num="165" count="5" type="stmt"/>
      <line num="166" count="5" type="stmt"/>
      <line num="167" count="5" type="stmt"/>
      <line num="168" count="5" type="stmt"/>
      <line num="169" count="5" type="stmt"/>
      <line num="171" count="5" type="stmt"/>
    </file>
  </project>
</coverage>
