{"/Users/prithvivinay/Desktop/Claude Code/tempest/packages/desktop/src/router.ts": {"path":"/Users/prithvivinay/Desktop/Claude Code/tempest/packages/desktop/src/router.ts","all":false,"statementMap":{"2":{"start":{"line":3,"column":0},"end":{"line":3,"column":57}},"14":{"start":{"line":15,"column":0},"end":{"line":15,"column":51}},"15":{"start":{"line":16,"column":0},"end":{"line":16,"column":45}},"16":{"start":{"line":17,"column":0},"end":{"line":17,"column":34}},"19":{"start":{"line":20,"column":0},"end":{"line":20,"column":31}},"20":{"start":{"line":21,"column":0},"end":{"line":21,"column":46}},"21":{"start":{"line":22,"column":0},"end":{"line":22,"column":47}},"22":{"start":{"line":23,"column":0},"end":{"line":23,"column":58}},"23":{"start":{"line":24,"column":0},"end":{"line":24,"column":64}},"24":{"start":{"line":25,"column":0},"end":{"line":25,"column":72}},"25":{"start":{"line":26,"column":0},"end":{"line":26,"column":49}},"26":{"start":{"line":27,"column":0},"end":{"line":27,"column":47}},"27":{"start":{"line":28,"column":0},"end":{"line":28,"column":49}},"28":{"start":{"line":29,"column":0},"end":{"line":29,"column":55}},"29":{"start":{"line":30,"column":0},"end":{"line":30,"column":26}},"30":{"start":{"line":31,"column":0},"end":{"line":31,"column":1}},"32":{"start":{"line":33,"column":0},"end":{"line":33,"column":49}},"33":{"start":{"line":34,"column":0},"end":{"line":34,"column":40}},"34":{"start":{"line":35,"column":0},"end":{"line":35,"column":51}},"35":{"start":{"line":36,"column":0},"end":{"line":36,"column":49}},"36":{"start":{"line":37,"column":0},"end":{"line":37,"column":51}},"37":{"start":{"line":38,"column":0},"end":{"line":38,"column":57}},"38":{"start":{"line":39,"column":0},"end":{"line":39,"column":46}},"39":{"start":{"line":40,"column":0},"end":{"line":40,"column":1}},"41":{"start":{"line":42,"column":0},"end":{"line":42,"column":57}},"42":{"start":{"line":43,"column":0},"end":{"line":43,"column":86}},"43":{"start":{"line":44,"column":0},"end":{"line":44,"column":19}},"44":{"start":{"line":45,"column":0},"end":{"line":45,"column":69}},"45":{"start":{"line":46,"column":0},"end":{"line":46,"column":47}},"46":{"start":{"line":47,"column":0},"end":{"line":47,"column":63}},"47":{"start":{"line":48,"column":0},"end":{"line":48,"column":9}},"48":{"start":{"line":49,"column":0},"end":{"line":49,"column":46}},"49":{"start":{"line":50,"column":0},"end":{"line":50,"column":53}},"50":{"start":{"line":51,"column":0},"end":{"line":51,"column":16}},"51":{"start":{"line":52,"column":0},"end":{"line":52,"column":9}},"52":{"start":{"line":53,"column":0},"end":{"line":53,"column":27}},"53":{"start":{"line":54,"column":0},"end":{"line":54,"column":1}}},"s":{"2":1,"14":1,"15":29,"16":29,"19":29,"20":29,"21":29,"22":29,"23":29,"24":29,"25":29,"26":29,"27":29,"28":29,"29":13,"30":13,"32":1,"33":11,"34":11,"35":11,"36":11,"37":11,"38":5,"39":5,"41":1,"42":7,"43":7,"44":4,"45":4,"46":4,"47":7,"48":7,"49":2,"50":2,"51":7,"52":7,"53":7},"branchMap":{"0":{"type":"branch","line":15,"loc":{"start":{"line":15,"column":7},"end":{"line":31,"column":1}},"locations":[{"start":{"line":15,"column":7},"end":{"line":31,"column":1}}]},"1":{"type":"branch","line":21,"loc":{"start":{"line":21,"column":21},"end":{"line":21,"column":34}},"locations":[{"start":{"line":21,"column":21},"end":{"line":21,"column":34}}]},"2":{"type":"branch","line":21,"loc":{"start":{"line":21,"column":28},"end":{"line":21,"column":46}},"locations":[{"start":{"line":21,"column":28},"end":{"line":21,"column":46}}]},"3":{"type":"branch","line":22,"loc":{"start":{"line":22,"column":35},"end":{"line":22,"column":47}},"locations":[{"start":{"line":22,"column":35},"end":{"line":22,"column":47}}]},"4":{"type":"branch","line":23,"loc":{"start":{"line":23,"column":15},"end":{"line":23,"column":31}},"locations":[{"start":{"line":23,"column":15},"end":{"line":23,"column":31}}]},"5":{"type":"branch","line":23,"loc":{"start":{"line":23,"column":31},"end":{"line":23,"column":58}},"locations":[{"start":{"line":23,"column":31},"end":{"line":23,"column":58}}]},"6":{"type":"branch","line":23,"loc":{"start":{"line":23,"column":56},"end":{"line":24,"column":27}},"locations":[{"start":{"line":23,"column":56},"end":{"line":24,"column":27}}]},"7":{"type":"branch","line":24,"loc":{"start":{"line":24,"column":15},"end":{"line":24,"column":34}},"locations":[{"start":{"line":24,"column":15},"end":{"line":24,"column":34}}]},"8":{"type":"branch","line":24,"loc":{"start":{"line":24,"column":34},"end":{"line":24,"column":64}},"locations":[{"start":{"line":24,"column":34},"end":{"line":24,"column":64}}]},"9":{"type":"branch","line":24,"loc":{"start":{"line":24,"column":62},"end":{"line":25,"column":31}},"locations":[{"start":{"line":24,"column":62},"end":{"line":25,"column":31}}]},"10":{"type":"branch","line":25,"loc":{"start":{"line":25,"column":15},"end":{"line":25,"column":38}},"locations":[{"start":{"line":25,"column":15},"end":{"line":25,"column":38}}]},"11":{"type":"branch","line":25,"loc":{"start":{"line":25,"column":38},"end":{"line":25,"column":72}},"locations":[{"start":{"line":25,"column":38},"end":{"line":25,"column":72}}]},"12":{"type":"branch","line":25,"loc":{"start":{"line":25,"column":70},"end":{"line":26,"column":31}},"locations":[{"start":{"line":25,"column":70},"end":{"line":26,"column":31}}]},"13":{"type":"branch","line":26,"loc":{"start":{"line":26,"column":24},"end":{"line":26,"column":49}},"locations":[{"start":{"line":26,"column":24},"end":{"line":26,"column":49}}]},"14":{"type":"branch","line":26,"loc":{"start":{"line":26,"column":47},"end":{"line":27,"column":30}},"locations":[{"start":{"line":26,"column":47},"end":{"line":27,"column":30}}]},"15":{"type":"branch","line":27,"loc":{"start":{"line":27,"column":23},"end":{"line":27,"column":47}},"locations":[{"start":{"line":27,"column":23},"end":{"line":27,"column":47}}]},"16":{"type":"branch","line":27,"loc":{"start":{"line":27,"column":45},"end":{"line":28,"column":31}},"locations":[{"start":{"line":27,"column":45},"end":{"line":28,"column":31}}]},"17":{"type":"branch","line":28,"loc":{"start":{"line":28,"column":24},"end":{"line":28,"column":49}},"locations":[{"start":{"line":28,"column":24},"end":{"line":28,"column":49}}]},"18":{"type":"branch","line":28,"loc":{"start":{"line":28,"column":47},"end":{"line":29,"column":34}},"locations":[{"start":{"line":28,"column":47},"end":{"line":29,"column":34}}]},"19":{"type":"branch","line":29,"loc":{"start":{"line":29,"column":27},"end":{"line":29,"column":55}},"locations":[{"start":{"line":29,"column":27},"end":{"line":29,"column":55}}]},"20":{"type":"branch","line":29,"loc":{"start":{"line":29,"column":53},"end":{"line":31,"column":1}},"locations":[{"start":{"line":29,"column":53},"end":{"line":31,"column":1}}]},"21":{"type":"branch","line":33,"loc":{"start":{"line":33,"column":7},"end":{"line":40,"column":1}},"locations":[{"start":{"line":33,"column":7},"end":{"line":40,"column":1}}]},"22":{"type":"branch","line":34,"loc":{"start":{"line":34,"column":29},"end":{"line":34,"column":40}},"locations":[{"start":{"line":34,"column":29},"end":{"line":34,"column":40}}]},"23":{"type":"branch","line":34,"loc":{"start":{"line":34,"column":36},"end":{"line":35,"column":37}},"locations":[{"start":{"line":34,"column":36},"end":{"line":35,"column":37}}]},"24":{"type":"branch","line":35,"loc":{"start":{"line":35,"column":30},"end":{"line":35,"column":51}},"locations":[{"start":{"line":35,"column":30},"end":{"line":35,"column":51}}]},"25":{"type":"branch","line":35,"loc":{"start":{"line":35,"column":37},"end":{"line":36,"column":36}},"locations":[{"start":{"line":35,"column":37},"end":{"line":36,"column":36}}]},"26":{"type":"branch","line":36,"loc":{"start":{"line":36,"column":29},"end":{"line":36,"column":49}},"locations":[{"start":{"line":36,"column":29},"end":{"line":36,"column":49}}]},"27":{"type":"branch","line":36,"loc":{"start":{"line":36,"column":36},"end":{"line":37,"column":37}},"locations":[{"start":{"line":36,"column":36},"end":{"line":37,"column":37}}]},"28":{"type":"branch","line":37,"loc":{"start":{"line":37,"column":30},"end":{"line":37,"column":51}},"locations":[{"start":{"line":37,"column":30},"end":{"line":37,"column":51}}]},"29":{"type":"branch","line":37,"loc":{"start":{"line":37,"column":37},"end":{"line":38,"column":40}},"locations":[{"start":{"line":37,"column":37},"end":{"line":38,"column":40}}]},"30":{"type":"branch","line":38,"loc":{"start":{"line":38,"column":33},"end":{"line":38,"column":57}},"locations":[{"start":{"line":38,"column":33},"end":{"line":38,"column":57}}]},"31":{"type":"branch","line":38,"loc":{"start":{"line":38,"column":40},"end":{"line":40,"column":1}},"locations":[{"start":{"line":38,"column":40},"end":{"line":40,"column":1}}]},"32":{"type":"branch","line":42,"loc":{"start":{"line":42,"column":7},"end":{"line":54,"column":1}},"locations":[{"start":{"line":42,"column":7},"end":{"line":54,"column":1}}]},"33":{"type":"branch","line":43,"loc":{"start":{"line":43,"column":44},"end":{"line":43,"column":84}},"locations":[{"start":{"line":43,"column":44},"end":{"line":43,"column":84}}]},"34":{"type":"branch","line":44,"loc":{"start":{"line":44,"column":12},"end":{"line":48,"column":5}},"locations":[{"start":{"line":44,"column":12},"end":{"line":48,"column":5}}]},"35":{"type":"branch","line":45,"loc":{"start":{"line":45,"column":18},"end":{"line":45,"column":69}},"locations":[{"start":{"line":45,"column":18},"end":{"line":45,"column":69}}]},"36":{"type":"branch","line":47,"loc":{"start":{"line":47,"column":11},"end":{"line":47,"column":63}},"locations":[{"start":{"line":47,"column":11},"end":{"line":47,"column":63}}]},"37":{"type":"branch","line":49,"loc":{"start":{"line":49,"column":31},"end":{"line":52,"column":5}},"locations":[{"start":{"line":49,"column":31},"end":{"line":52,"column":5}}]}},"b":{"0":[29],"1":[18],"2":[11],"3":[9],"4":[7],"5":[2],"6":[27],"7":[2],"8":[2],"9":[25],"10":[2],"11":[2],"12":[23],"13":[2],"14":[21],"15":[3],"16":[18],"17":[3],"18":[15],"19":[2],"20":[13],"21":[11],"22":[1],"23":[10],"24":[1],"25":[9],"26":[1],"27":[8],"28":[1],"29":[7],"30":[2],"31":[5],"32":[7],"33":[4],"34":[4],"35":[1],"36":[4],"37":[2]},"fnMap":{"0":{"name":"parseRoute","decl":{"start":{"line":15,"column":7},"end":{"line":31,"column":1}},"loc":{"start":{"line":15,"column":7},"end":{"line":31,"column":1}},"line":15},"1":{"name":"routeHref","decl":{"start":{"line":33,"column":7},"end":{"line":40,"column":1}},"loc":{"start":{"line":33,"column":7},"end":{"line":40,"column":1}},"line":33},"2":{"name":"useRoute","decl":{"start":{"line":42,"column":7},"end":{"line":54,"column":1}},"loc":{"start":{"line":42,"column":7},"end":{"line":54,"column":1}},"line":42},"3":{"name":"onPop","decl":{"start":{"line":45,"column":18},"end":{"line":45,"column":69}},"loc":{"start":{"line":45,"column":18},"end":{"line":45,"column":69}},"line":45}},"f":{"0":29,"1":11,"2":7,"3":1}}
,"/Users/prithvivinay/Desktop/Claude Code/tempest/packages/desktop/src/vocabulary.tsx": {"path":"/Users/prithvivinay/Desktop/Claude Code/tempest/packages/desktop/src/vocabulary.tsx","all":false,"statementMap":{"24":{"start":{"line":25,"column":0},"end":{"line":25,"column":43}},"25":{"start":{"line":26,"column":0},"end":{"line":26,"column":64}},"26":{"start":{"line":27,"column":0},"end":{"line":27,"column":1}},"29":{"start":{"line":30,"column":0},"end":{"line":30,"column":55}},"30":{"start":{"line":31,"column":0},"end":{"line":31,"column":20}},"31":{"start":{"line":32,"column":0},"end":{"line":32,"column":21}},"32":{"start":{"line":33,"column":0},"end":{"line":33,"column":131}},"33":{"start":{"line":34,"column":0},"end":{"line":34,"column":35}},"34":{"start":{"line":35,"column":0},"end":{"line":35,"column":147}},"35":{"start":{"line":36,"column":0},"end":{"line":36,"column":20}},"36":{"start":{"line":37,"column":0},"end":{"line":37,"column":124}},"37":{"start":{"line":38,"column":0},"end":{"line":38,"column":17}},"38":{"start":{"line":39,"column":0},"end":{"line":39,"column":111}},"39":{"start":{"line":40,"column":0},"end":{"line":40,"column":12}},"40":{"start":{"line":41,"column":0},"end":{"line":41,"column":32}},"41":{"start":{"line":42,"column":0},"end":{"line":42,"column":3}},"42":{"start":{"line":43,"column":0},"end":{"line":43,"column":1}},"45":{"start":{"line":46,"column":0},"end":{"line":46,"column":54}},"46":{"start":{"line":47,"column":0},"end":{"line":47,"column":17}},"47":{"start":{"line":48,"column":0},"end":{"line":48,"column":30}},"48":{"start":{"line":49,"column":0},"end":{"line":49,"column":176}},"49":{"start":{"line":50,"column":0},"end":{"line":50,"column":35}},"50":{"start":{"line":51,"column":0},"end":{"line":51,"column":144}},"51":{"start":{"line":52,"column":0},"end":{"line":52,"column":36}},"52":{"start":{"line":53,"column":0},"end":{"line":53,"column":107}},"53":{"start":{"line":54,"column":0},"end":{"line":54,"column":30}},"54":{"start":{"line":55,"column":0},"end":{"line":55,"column":154}},"55":{"start":{"line":56,"column":0},"end":{"line":56,"column":34}},"56":{"start":{"line":57,"column":0},"end":{"line":57,"column":161}},"57":{"start":{"line":58,"column":0},"end":{"line":58,"column":33}},"58":{"start":{"line":59,"column":0},"end":{"line":59,"column":124}},"59":{"start":{"line":60,"column":0},"end":{"line":60,"column":31}},"60":{"start":{"line":61,"column":0},"end":{"line":61,"column":178}},"61":{"start":{"line":62,"column":0},"end":{"line":62,"column":32}},"62":{"start":{"line":63,"column":0},"end":{"line":63,"column":127}},"63":{"start":{"line":64,"column":0},"end":{"line":64,"column":37}},"64":{"start":{"line":65,"column":0},"end":{"line":65,"column":121}},"65":{"start":{"line":66,"column":0},"end":{"line":66,"column":12}},"66":{"start":{"line":67,"column":0},"end":{"line":67,"column":29}},"67":{"start":{"line":68,"column":0},"end":{"line":68,"column":3}},"68":{"start":{"line":69,"column":0},"end":{"line":69,"column":1}},"71":{"start":{"line":72,"column":0},"end":{"line":72,"column":80}},"72":{"start":{"line":73,"column":0},"end":{"line":73,"column":28}},"73":{"start":{"line":74,"column":0},"end":{"line":74,"column":24}},"74":{"start":{"line":75,"column":0},"end":{"line":75,"column":36}},"75":{"start":{"line":76,"column":0},"end":{"line":76,"column":26}},"76":{"start":{"line":77,"column":0},"end":{"line":77,"column":40}},"77":{"start":{"line":78,"column":0},"end":{"line":78,"column":29}},"78":{"start":{"line":79,"column":0},"end":{"line":79,"column":43}},"79":{"start":{"line":80,"column":0},"end":{"line":80,"column":27}},"80":{"start":{"line":81,"column":0},"end":{"line":81,"column":56}},"81":{"start":{"line":82,"column":0},"end":{"line":82,"column":28}},"82":{"start":{"line":83,"column":0},"end":{"line":83,"column":56}},"83":{"start":{"line":84,"column":0},"end":{"line":84,"column":25}},"84":{"start":{"line":85,"column":0},"end":{"line":85,"column":57}},"85":{"start":{"line":86,"column":0},"end":{"line":86,"column":17}},"86":{"start":{"line":87,"column":0},"end":{"line":87,"column":48}},"87":{"start":{"line":88,"column":0},"end":{"line":88,"column":16}},"88":{"start":{"line":89,"column":0},"end":{"line":89,"column":52}},"89":{"start":{"line":90,"column":0},"end":{"line":90,"column":25}},"90":{"start":{"line":91,"column":0},"end":{"line":91,"column":44}},"91":{"start":{"line":92,"column":0},"end":{"line":92,"column":12}},"92":{"start":{"line":93,"column":0},"end":{"line":93,"column":40}},"93":{"start":{"line":94,"column":0},"end":{"line":94,"column":3}},"94":{"start":{"line":95,"column":0},"end":{"line":95,"column":1}},"96":{"start":{"line":97,"column":0},"end":{"line":97,"column":59}},"97":{"start":{"line":98,"column":0},"end":{"line":98,"column":21}},"98":{"start":{"line":99,"column":0},"end":{"line":99,"column":15}},"99":{"start":{"line":100,"column":0},"end":{"line":100,"column":53}},"100":{"start":{"line":101,"column":0},"end":{"line":101,"column":18}},"101":{"start":{"line":102,"column":0},"end":{"line":102,"column":22}},"102":{"start":{"line":103,"column":0},"end":{"line":103,"column":20}},"103":{"start":{"line":104,"column":0},"end":{"line":104,"column":50}},"104":{"start":{"line":105,"column":0},"end":{"line":105,"column":12}},"105":{"start":{"line":106,"column":0},"end":{"line":106,"column":33}},"106":{"start":{"line":107,"column":0},"end":{"line":107,"column":3}},"107":{"start":{"line":108,"column":0},"end":{"line":108,"column":1}},"110":{"start":{"line":111,"column":0},"end":{"line":111,"column":82}},"111":{"start":{"line":112,"column":0},"end":{"line":112,"column":27}},"112":{"start":{"line":113,"column":0},"end":{"line":113,"column":26}},"113":{"start":{"line":114,"column":0},"end":{"line":114,"column":49}},"114":{"start":{"line":115,"column":0},"end":{"line":115,"column":29}},"115":{"start":{"line":116,"column":0},"end":{"line":116,"column":60}},"116":{"start":{"line":117,"column":0},"end":{"line":117,"column":23}},"117":{"start":{"line":118,"column":0},"end":{"line":118,"column":46}},"118":{"start":{"line":119,"column":0},"end":{"line":119,"column":23}},"119":{"start":{"line":120,"column":0},"end":{"line":120,"column":74}},"120":{"start":{"line":121,"column":0},"end":{"line":121,"column":28}},"121":{"start":{"line":122,"column":0},"end":{"line":122,"column":73}},"122":{"start":{"line":123,"column":0},"end":{"line":123,"column":12}},"123":{"start":{"line":124,"column":0},"end":{"line":124,"column":39}},"124":{"start":{"line":125,"column":0},"end":{"line":125,"column":3}},"125":{"start":{"line":126,"column":0},"end":{"line":126,"column":1}},"127":{"start":{"line":128,"column":0},"end":{"line":128,"column":59}},"128":{"start":{"line":129,"column":0},"end":{"line":129,"column":19}},"129":{"start":{"line":130,"column":0},"end":{"line":130,"column":19}},"130":{"start":{"line":131,"column":0},"end":{"line":131,"column":23}},"131":{"start":{"line":132,"column":0},"end":{"line":132,"column":20}},"132":{"start":{"line":133,"column":0},"end":{"line":133,"column":24}},"133":{"start":{"line":134,"column":0},"end":{"line":134,"column":21}},"134":{"start":{"line":135,"column":0},"end":{"line":135,"column":53}},"135":{"start":{"line":136,"column":0},"end":{"line":136,"column":12}},"136":{"start":{"line":137,"column":0},"end":{"line":137,"column":31}},"137":{"start":{"line":138,"column":0},"end":{"line":138,"column":3}},"138":{"start":{"line":139,"column":0},"end":{"line":139,"column":1}},"140":{"start":{"line":141,"column":0},"end":{"line":141,"column":47}},"141":{"start":{"line":142,"column":0},"end":{"line":142,"column":17}},"142":{"start":{"line":143,"column":0},"end":{"line":143,"column":18}},"143":{"start":{"line":144,"column":0},"end":{"line":144,"column":22}},"144":{"start":{"line":145,"column":0},"end":{"line":145,"column":22}},"145":{"start":{"line":146,"column":0},"end":{"line":146,"column":26}},"146":{"start":{"line":147,"column":0},"end":{"line":147,"column":12}},"147":{"start":{"line":148,"column":0},"end":{"line":148,"column":29}},"148":{"start":{"line":149,"column":0},"end":{"line":149,"column":3}},"149":{"start":{"line":150,"column":0},"end":{"line":150,"column":1}},"152":{"start":{"line":153,"column":0},"end":{"line":153,"column":64}},"153":{"start":{"line":154,"column":0},"end":{"line":154,"column":10}},"154":{"start":{"line":155,"column":0},"end":{"line":155,"column":69}},"155":{"start":{"line":156,"column":0},"end":{"line":156,"column":15}},"156":{"start":{"line":157,"column":0},"end":{"line":157,"column":11}},"158":{"start":{"line":159,"column":0},"end":{"line":159,"column":1}},"160":{"start":{"line":161,"column":0},"end":{"line":161,"column":36}},"161":{"start":{"line":162,"column":0},"end":{"line":162,"column":17}},"162":{"start":{"line":163,"column":0},"end":{"line":163,"column":4}},"164":{"start":{"line":165,"column":0},"end":{"line":165,"column":4}},"165":{"start":{"line":166,"column":0},"end":{"line":166,"column":10}},"166":{"start":{"line":167,"column":0},"end":{"line":167,"column":78}},"167":{"start":{"line":168,"column":0},"end":{"line":168,"column":22}},"168":{"start":{"line":169,"column":0},"end":{"line":169,"column":11}},"170":{"start":{"line":171,"column":0},"end":{"line":171,"column":1}}},"s":{"24":7,"25":7,"26":7,"29":1,"30":14,"31":14,"32":3,"33":14,"34":4,"35":14,"36":3,"37":14,"38":3,"39":14,"40":1,"41":14,"42":14,"45":1,"46":10,"47":10,"48":1,"49":10,"50":1,"51":10,"52":1,"53":10,"54":1,"55":10,"56":1,"57":10,"58":1,"59":10,"60":1,"61":10,"62":1,"63":10,"64":1,"65":10,"66":1,"67":10,"68":10,"71":1,"72":10,"73":10,"74":1,"75":10,"76":1,"77":10,"78":1,"79":10,"80":1,"81":10,"82":1,"83":10,"84":1,"85":10,"86":1,"87":10,"88":1,"89":10,"90":1,"91":10,"92":1,"93":10,"94":10,"96":1,"97":4,"98":4,"99":1,"100":4,"101":1,"102":4,"103":1,"104":4,"105":1,"106":4,"107":4,"110":1,"111":16,"112":16,"113":3,"114":16,"115":3,"116":16,"117":3,"118":16,"119":3,"120":16,"121":3,"122":16,"123":1,"124":16,"125":16,"127":1,"128":5,"129":5,"130":1,"131":5,"132":1,"133":5,"134":2,"135":5,"136":1,"137":5,"138":5,"140":1,"141":3,"142":3,"143":1,"144":3,"145":1,"146":3,"147":1,"148":3,"149":3,"152":1,"153":4,"154":4,"155":4,"156":4,"158":4,"160":1,"161":5,"162":5,"164":5,"165":5,"166":5,"167":5,"168":5,"170":5},"branchMap":{"0":{"type":"branch","line":25,"loc":{"start":{"line":25,"column":0},"end":{"line":27,"column":1}},"locations":[{"start":{"line":25,"column":0},"end":{"line":27,"column":1}}]},"1":{"type":"branch","line":30,"loc":{"start":{"line":30,"column":7},"end":{"line":43,"column":1}},"locations":[{"start":{"line":30,"column":7},"end":{"line":43,"column":1}}]},"2":{"type":"branch","line":32,"loc":{"start":{"line":32,"column":4},"end":{"line":33,"column":131}},"locations":[{"start":{"line":32,"column":4},"end":{"line":33,"column":131}}]},"3":{"type":"branch","line":34,"loc":{"start":{"line":34,"column":4},"end":{"line":35,"column":147}},"locations":[{"start":{"line":34,"column":4},"end":{"line":35,"column":147}}]},"4":{"type":"branch","line":36,"loc":{"start":{"line":36,"column":4},"end":{"line":37,"column":124}},"locations":[{"start":{"line":36,"column":4},"end":{"line":37,"column":124}}]},"5":{"type":"branch","line":38,"loc":{"start":{"line":38,"column":4},"end":{"line":39,"column":111}},"locations":[{"start":{"line":38,"column":4},"end":{"line":39,"column":111}}]},"6":{"type":"branch","line":40,"loc":{"start":{"line":40,"column":4},"end":{"line":41,"column":32}},"locations":[{"start":{"line":40,"column":4},"end":{"line":41,"column":32}}]},"7":{"type":"branch","line":46,"loc":{"start":{"line":46,"column":7},"end":{"line":69,"column":1}},"locations":[{"start":{"line":46,"column":7},"end":{"line":69,"column":1}}]},"8":{"type":"branch","line":48,"loc":{"start":{"line":48,"column":4},"end":{"line":49,"column":176}},"locations":[{"start":{"line":48,"column":4},"end":{"line":49,"column":176}}]},"9":{"type":"branch","line":50,"loc":{"start":{"line":50,"column":4},"end":{"line":51,"column":144}},"locations":[{"start":{"line":50,"column":4},"end":{"line":51,"column":144}}]},"10":{"type":"branch","line":52,"loc":{"start":{"line":52,"column":4},"end":{"line":53,"column":107}},"locations":[{"start":{"line":52,"column":4},"end":{"line":53,"column":107}}]},"11":{"type":"branch","line":54,"loc":{"start":{"line":54,"column":4},"end":{"line":55,"column":154}},"locations":[{"start":{"line":54,"column":4},"end":{"line":55,"column":154}}]},"12":{"type":"branch","line":56,"loc":{"start":{"line":56,"column":4},"end":{"line":57,"column":161}},"locations":[{"start":{"line":56,"column":4},"end":{"line":57,"column":161}}]},"13":{"type":"branch","line":58,"loc":{"start":{"line":58,"column":4},"end":{"line":59,"column":124}},"locations":[{"start":{"line":58,"column":4},"end":{"line":59,"column":124}}]},"14":{"type":"branch","line":60,"loc":{"start":{"line":60,"column":4},"end":{"line":61,"column":178}},"locations":[{"start":{"line":60,"column":4},"end":{"line":61,"column":178}}]},"15":{"type":"branch","line":62,"loc":{"start":{"line":62,"column":4},"end":{"line":63,"column":127}},"locations":[{"start":{"line":62,"column":4},"end":{"line":63,"column":127}}]},"16":{"type":"branch","line":64,"loc":{"start":{"line":64,"column":4},"end":{"line":65,"column":121}},"locations":[{"start":{"line":64,"column":4},"end":{"line":65,"column":121}}]},"17":{"type":"branch","line":66,"loc":{"start":{"line":66,"column":4},"end":{"line":67,"column":29}},"locations":[{"start":{"line":66,"column":4},"end":{"line":67,"column":29}}]},"18":{"type":"branch","line":72,"loc":{"start":{"line":72,"column":7},"end":{"line":95,"column":1}},"locations":[{"start":{"line":72,"column":7},"end":{"line":95,"column":1}}]},"19":{"type":"branch","line":74,"loc":{"start":{"line":74,"column":4},"end":{"line":75,"column":36}},"locations":[{"start":{"line":74,"column":4},"end":{"line":75,"column":36}}]},"20":{"type":"branch","line":76,"loc":{"start":{"line":76,"column":4},"end":{"line":77,"column":40}},"locations":[{"start":{"line":76,"column":4},"end":{"line":77,"column":40}}]},"21":{"type":"branch","line":78,"loc":{"start":{"line":78,"column":4},"end":{"line":79,"column":43}},"locations":[{"start":{"line":78,"column":4},"end":{"line":79,"column":43}}]},"22":{"type":"branch","line":80,"loc":{"start":{"line":80,"column":4},"end":{"line":81,"column":56}},"locations":[{"start":{"line":80,"column":4},"end":{"line":81,"column":56}}]},"23":{"type":"branch","line":82,"loc":{"start":{"line":82,"column":4},"end":{"line":83,"column":56}},"locations":[{"start":{"line":82,"column":4},"end":{"line":83,"column":56}}]},"24":{"type":"branch","line":84,"loc":{"start":{"line":84,"column":4},"end":{"line":85,"column":57}},"locations":[{"start":{"line":84,"column":4},"end":{"line":85,"column":57}}]},"25":{"type":"branch","line":86,"loc":{"start":{"line":86,"column":4},"end":{"line":87,"column":48}},"locations":[{"start":{"line":86,"column":4},"end":{"line":87,"column":48}}]},"26":{"type":"branch","line":88,"loc":{"start":{"line":88,"column":4},"end":{"line":89,"column":52}},"locations":[{"start":{"line":88,"column":4},"end":{"line":89,"column":52}}]},"27":{"type":"branch","line":90,"loc":{"start":{"line":90,"column":4},"end":{"line":91,"column":44}},"locations":[{"start":{"line":90,"column":4},"end":{"line":91,"column":44}}]},"28":{"type":"branch","line":92,"loc":{"start":{"line":92,"column":4},"end":{"line":93,"column":40}},"locations":[{"start":{"line":92,"column":4},"end":{"line":93,"column":40}}]},"29":{"type":"branch","line":97,"loc":{"start":{"line":97,"column":7},"end":{"line":108,"column":1}},"locations":[{"start":{"line":97,"column":7},"end":{"line":108,"column":1}}]},"30":{"type":"branch","line":99,"loc":{"start":{"line":99,"column":4},"end":{"line":100,"column":53}},"locations":[{"start":{"line":99,"column":4},"end":{"line":100,"column":53}}]},"31":{"type":"branch","line":101,"loc":{"start":{"line":101,"column":4},"end":{"line":102,"column":22}},"locations":[{"start":{"line":101,"column":4},"end":{"line":102,"column":22}}]},"32":{"type":"branch","line":103,"loc":{"start":{"line":103,"column":4},"end":{"line":104,"column":50}},"locations":[{"start":{"line":103,"column":4},"end":{"line":104,"column":50}}]},"33":{"type":"branch","line":105,"loc":{"start":{"line":105,"column":4},"end":{"line":106,"column":33}},"locations":[{"start":{"line":105,"column":4},"end":{"line":106,"column":33}}]},"34":{"type":"branch","line":111,"loc":{"start":{"line":111,"column":7},"end":{"line":126,"column":1}},"locations":[{"start":{"line":111,"column":7},"end":{"line":126,"column":1}}]},"35":{"type":"branch","line":113,"loc":{"start":{"line":113,"column":4},"end":{"line":114,"column":49}},"locations":[{"start":{"line":113,"column":4},"end":{"line":114,"column":49}}]},"36":{"type":"branch","line":115,"loc":{"start":{"line":115,"column":4},"end":{"line":116,"column":60}},"locations":[{"start":{"line":115,"column":4},"end":{"line":116,"column":60}}]},"37":{"type":"branch","line":117,"loc":{"start":{"line":117,"column":4},"end":{"line":118,"column":46}},"locations":[{"start":{"line":117,"column":4},"end":{"line":118,"column":46}}]},"38":{"type":"branch","line":119,"loc":{"start":{"line":119,"column":4},"end":{"line":120,"column":74}},"locations":[{"start":{"line":119,"column":4},"end":{"line":120,"column":74}}]},"39":{"type":"branch","line":121,"loc":{"start":{"line":121,"column":4},"end":{"line":122,"column":73}},"locations":[{"start":{"line":121,"column":4},"end":{"line":122,"column":73}}]},"40":{"type":"branch","line":123,"loc":{"start":{"line":123,"column":4},"end":{"line":124,"column":39}},"locations":[{"start":{"line":123,"column":4},"end":{"line":124,"column":39}}]},"41":{"type":"branch","line":128,"loc":{"start":{"line":128,"column":7},"end":{"line":139,"column":1}},"locations":[{"start":{"line":128,"column":7},"end":{"line":139,"column":1}}]},"42":{"type":"branch","line":130,"loc":{"start":{"line":130,"column":4},"end":{"line":131,"column":23}},"locations":[{"start":{"line":130,"column":4},"end":{"line":131,"column":23}}]},"43":{"type":"branch","line":132,"loc":{"start":{"line":132,"column":4},"end":{"line":133,"column":24}},"locations":[{"start":{"line":132,"column":4},"end":{"line":133,"column":24}}]},"44":{"type":"branch","line":134,"loc":{"start":{"line":134,"column":4},"end":{"line":135,"column":53}},"locations":[{"start":{"line":134,"column":4},"end":{"line":135,"column":53}}]},"45":{"type":"branch","line":136,"loc":{"start":{"line":136,"column":4},"end":{"line":137,"column":31}},"locations":[{"start":{"line":136,"column":4},"end":{"line":137,"column":31}}]},"46":{"type":"branch","line":141,"loc":{"start":{"line":141,"column":7},"end":{"line":150,"column":1}},"locations":[{"start":{"line":141,"column":7},"end":{"line":150,"column":1}}]},"47":{"type":"branch","line":143,"loc":{"start":{"line":143,"column":4},"end":{"line":144,"column":22}},"locations":[{"start":{"line":143,"column":4},"end":{"line":144,"column":22}}]},"48":{"type":"branch","line":145,"loc":{"start":{"line":145,"column":4},"end":{"line":146,"column":26}},"locations":[{"start":{"line":145,"column":4},"end":{"line":146,"column":26}}]},"49":{"type":"branch","line":147,"loc":{"start":{"line":147,"column":4},"end":{"line":148,"column":29}},"locations":[{"start":{"line":147,"column":4},"end":{"line":148,"column":29}}]},"50":{"type":"branch","line":153,"loc":{"start":{"line":153,"column":7},"end":{"line":159,"column":1}},"locations":[{"start":{"line":153,"column":7},"end":{"line":159,"column":1}}]},"51":{"type":"branch","line":161,"loc":{"start":{"line":161,"column":7},"end":{"line":171,"column":1}},"locations":[{"start":{"line":161,"column":7},"end":{"line":171,"column":1}}]}},"b":{"0":[7],"1":[14],"2":[3],"3":[4],"4":[3],"5":[3],"6":[1],"7":[10],"8":[1],"9":[1],"10":[1],"11":[1],"12":[1],"13":[1],"14":[1],"15":[1],"16":[1],"17":[1],"18":[10],"19":[1],"20":[1],"21":[1],"22":[1],"23":[1],"24":[1],"25":[1],"26":[1],"27":[1],"28":[1],"29":[4],"30":[1],"31":[1],"32":[1],"33":[1],"34":[16],"35":[3],"36":[3],"37":[3],"38":[3],"39":[3],"40":[1],"41":[5],"42":[1],"43":[1],"44":[2],"45":[1],"46":[3],"47":[1],"48":[1],"49":[1],"50":[4],"51":[5]},"fnMap":{"0":{"name":"unhandled","decl":{"start":{"line":25,"column":0},"end":{"line":27,"column":1}},"loc":{"start":{"line":25,"column":0},"end":{"line":27,"column":1}},"line":25},"1":{"name":"verdictHint","decl":{"start":{"line":30,"column":7},"end":{"line":43,"column":1}},"loc":{"start":{"line":30,"column":7},"end":{"line":43,"column":1}},"line":30},"2":{"name":"reasonHint","decl":{"start":{"line":46,"column":7},"end":{"line":69,"column":1}},"loc":{"start":{"line":46,"column":7},"end":{"line":69,"column":1}},"line":46},"3":{"name":"divergenceClassLabel","decl":{"start":{"line":72,"column":7},"end":{"line":95,"column":1}},"loc":{"start":{"line":72,"column":7},"end":{"line":95,"column":1}},"line":72},"4":{"name":"severityLabel","decl":{"start":{"line":97,"column":7},"end":{"line":108,"column":1}},"loc":{"start":{"line":97,"column":7},"end":{"line":108,"column":1}},"line":97},"5":{"name":"classificationHint","decl":{"start":{"line":111,"column":7},"end":{"line":126,"column":1}},"loc":{"start":{"line":111,"column":7},"end":{"line":126,"column":1}},"line":111},"6":{"name":"runStatusLabel","decl":{"start":{"line":128,"column":7},"end":{"line":139,"column":1}},"loc":{"start":{"line":128,"column":7},"end":{"line":139,"column":1}},"line":128},"7":{"name":"langLabel","decl":{"start":{"line":141,"column":7},"end":{"line":150,"column":1}},"loc":{"start":{"line":141,"column":7},"end":{"line":150,"column":1}},"line":141},"8":{"name":"VerdictChip","decl":{"start":{"line":153,"column":7},"end":{"line":159,"column":1}},"loc":{"start":{"line":153,"column":7},"end":{"line":159,"column":1}},"line":153},"9":{"name":"ClassificationChip","decl":{"start":{"line":161,"column":7},"end":{"line":171,"column":1}},"loc":{"start":{"line":161,"column":7},"end":{"line":171,"column":1}},"line":161}},"f":{"0":7,"1":14,"2":10,"3":10,"4":4,"5":16,"6":5,"7":3,"8":4,"9":5}}
}
